<?xml version="1.0" encoding="UTF-8"?>
<!-- Generated by org.testng.reporters.JUnitReportReporter -->
<testsuite hostname="DESKTOP-MDL60IH" name="com.yourcompany.SampleSauceTest" tests="1" failures="0" timestamp="8 Jun 2016 22:19:18 GMT" time="7.210" errors="0">
  <testcase name="main" time="7.210" classname="com.yourcompany.SampleSauceTest"/>
</testsuite> <!-- com.yourcompany.SampleSauceTest -->
